>>> Warning 207 "ESPAN-04.c" Line 3324(38,39): Code has no effect
>>> Warning 207 "ESPAN-04.c" Line 3334(38,39): Code has no effect
>>> Warning 207 "ESPAN-04.c" Line 3386(38,39): Code has no effect
>>> Warning 207 "ESPAN-04.c" Line 3396(38,39): Code has no effect
>>> Warning 207 "ESPAN-04.c" Line 3448(38,39): Code has no effect
>>> Warning 207 "ESPAN-04.c" Line 3458(38,39): Code has no effect
>>> Warning 207 "ESPAN-04.c" Line 3510(38,39): Code has no effect
>>> Warning 207 "ESPAN-04.c" Line 3520(38,39): Code has no effect
>>> Warning 207 "ESPAN-04.c" Line 3572(38,39): Code has no effect
>>> Warning 207 "ESPAN-04.c" Line 3582(38,39): Code has no effect
>>> Warning 207 "ESPAN-04.c" Line 3634(38,39): Code has no effect
>>> Warning 207 "ESPAN-04.c" Line 3644(38,39): Code has no effect
>>> Warning 207 "ESPAN-04.c" Line 3696(38,39): Code has no effect
>>> Warning 207 "ESPAN-04.c" Line 3706(38,39): Code has no effect
>>> Warning 207 "ESPAN-04.c" Line 3758(38,39): Code has no effect
>>> Warning 207 "ESPAN-04.c" Line 3768(38,39): Code has no effect
>>> Warning 207 "ESPAN-04.c" Line 3820(38,39): Code has no effect
>>> Warning 207 "ESPAN-04.c" Line 3830(38,39): Code has no effect
>>> Warning 207 "ESPAN-04.c" Line 3882(38,39): Code has no effect
>>> Warning 207 "ESPAN-04.c" Line 3892(38,39): Code has no effect
>>> Warning 207 "ESPAN-04.c" Line 3950(38,39): Code has no effect
>>> Warning 207 "ESPAN-04.c" Line 3960(38,39): Code has no effect
>>> Warning 207 "ESPAN-04.c" Line 4012(38,39): Code has no effect
>>> Warning 207 "ESPAN-04.c" Line 4022(38,39): Code has no effect
>>> Warning 207 "ESPAN-04.c" Line 4074(38,39): Code has no effect
>>> Warning 207 "ESPAN-04.c" Line 4084(38,39): Code has no effect
>>> Warning 207 "ESPAN-04.c" Line 4136(38,39): Code has no effect
>>> Warning 207 "ESPAN-04.c" Line 4146(38,39): Code has no effect
>>> Warning 207 "ESPAN-04.c" Line 4198(38,39): Code has no effect
>>> Warning 207 "ESPAN-04.c" Line 4208(38,39): Code has no effect
>>> Warning 207 "ESPAN-04.c" Line 4260(38,39): Code has no effect
>>> Warning 207 "ESPAN-04.c" Line 4270(38,39): Code has no effect
>>> Warning 207 "ESPAN-04.c" Line 4321(38,39): Code has no effect
>>> Warning 207 "ESPAN-04.c" Line 4331(38,39): Code has no effect
>>> Warning 207 "ESPAN-04.c" Line 4382(38,39): Code has no effect
>>> Warning 207 "ESPAN-04.c" Line 4392(38,39): Code has no effect
>>> Warning 207 "ESPAN-04.c" Line 4443(38,39): Code has no effect
>>> Warning 207 "ESPAN-04.c" Line 4453(38,39): Code has no effect
>>> Warning 207 "ESPAN-04.c" Line 4504(38,39): Code has no effect
>>> Warning 207 "ESPAN-04.c" Line 4514(38,39): Code has no effect
>>> Warning 202 "ESPAN-04.c" Line 71(15,23): Variable never used:   SyncFlag
>>> Warning 202 "ESPAN-04.c" Line 81(6,15): Variable never used:   Output595
>>> Warning 202 "ESPAN-04.c" Line 83(6,14): Variable never used:   tempdata
>>> Warning 202 "ESPAN-04.c" Line 127(6,15): Variable never used:   OUTRed1_8
>>> Warning 202 "ESPAN-04.c" Line 128(17,27): Variable never used:   OUTRed9_10
>>> Warning 202 "ESPAN-04.c" Line 129(18,29): Variable never used:   OUTRed11_18
>>> Warning 202 "ESPAN-04.c" Line 130(18,29): Variable never used:   OUTRed19_20
>>> Warning 202 "ESPAN-04.c" Line 131(18,29): Variable never used:   OUTGreen1_8
>>> Warning 202 "ESPAN-04.c" Line 132(19,31): Variable never used:   OUTGreen9_10
>>> Warning 202 "ESPAN-04.c" Line 133(20,33): Variable never used:   OUTGreen11_18
>>> Warning 202 "ESPAN-04.c" Line 134(20,33): Variable never used:   OUTGreen19_20
>>> Warning 202 "ESPAN-04.c" Line 172(6,21): Variable never used:   MCP23s17_Op_dat
>>> Warning 202 "ESPAN-04.c" Line 244(14,24): Variable never used:   LED_Colour
>>> Warning 202 "ESPAN-04.c" Line 248(6,17): Variable never used:   ReleaseTime
      Memory usage:   ROM=52%      RAM=8% - 9%
      0 Errors,  54 Warnings.
Build Successful.
